{"name": "Проверка задач со словом \"bug\"", "status": "failed", "statusDetails": {"message": "AssertionError: assert 'bug' in 'extension development host + remote-ssh + extensionkind=ui not working'\n +  where 'extension development host + remote-ssh + extensionkind=ui not working' = <built-in method lower of str object at 0x102c423b0>()\n +    where <built-in method lower of str object at 0x102c423b0> = 'Extension Development Host + remote-ssh + extensionKind=ui not working'.lower\n +      where 'Extension Development Host + remote-ssh + extensionKind=ui not working' = <selenium.webdriver.remote.webelement.WebElement (session=\"2afc7064aeb8cd4942db1cf9e9fc4be9\", element=\"a150e940-1bbb-4042-bc7f-f5ec1b260fcb\")>.text", "trace": "self = <test_6.TestExample object at 0x102c8fc90>\nselenium = <selenium.webdriver.remote.webdriver.WebDriver (session=\"2afc7064aeb8cd4942db1cf9e9fc4be9\")>\n\n    @allure.title('Проверка задач со словом \"bug\"')\n    def test_1(self, selenium):\n    \n        with allure.step('Открыть страницу https://github.com/microsoft/vscode/issues'):\n            selenium.get(\"https://github.com/microsoft/vscode/issues\")\n        fill_forms(selenium)\n    \n        with allure.step('Получить все названия задач'):\n            issue_titles = selenium.find_elements(By.CSS_SELECTOR, \"a[data-hovercard-type='issue']\")\n    \n        with allure.step('Проверить что каждая задача содержит слово \"bug\"'):\n            for title in issue_titles:\n>               assert \"bug\" in title.text.lower()\nE               assert 'bug' in 'extension development host + remote-ssh + extensionkind=ui not working'\nE                +  where 'extension development host + remote-ssh + extensionkind=ui not working' = <built-in method lower of str object at 0x102c423b0>()\nE                +    where <built-in method lower of str object at 0x102c423b0> = 'Extension Development Host + remote-ssh + extensionKind=ui not working'.lower\nE                +      where 'Extension Development Host + remote-ssh + extensionKind=ui not working' = <selenium.webdriver.remote.webelement.WebElement (session=\"2afc7064aeb8cd4942db1cf9e9fc4be9\", element=\"a150e940-1bbb-4042-bc7f-f5ec1b260fcb\")>.text\n\ntest_6.py:22: AssertionError"}, "steps": [{"name": "Открыть страницу https://github.com/microsoft/vscode/issues", "status": "passed", "start": 1684439187590, "stop": 1684439189200}, {"name": "Найти поле поиска", "status": "passed", "start": 1684439189200, "stop": 1684439189218}, {"name": "Ввести в поле поиска \"in:title bug\" и нажать Enter", "status": "passed", "start": 1684439189218, "stop": 1684439189375}, {"name": "Получить все названия задач", "status": "passed", "start": 1684439189375, "stop": 1684439189390}, {"name": "Проверить что каждая задача содержит слово \"bug\"", "status": "failed", "statusDetails": {"message": "AssertionError: assert 'bug' in 'extension development host + remote-ssh + extensionkind=ui not working'\n +  where 'extension development host + remote-ssh + extensionkind=ui not working' = <built-in method lower of str object at 0x102c423b0>()\n +    where <built-in method lower of str object at 0x102c423b0> = 'Extension Development Host + remote-ssh + extensionKind=ui not working'.lower\n +      where 'Extension Development Host + remote-ssh + extensionKind=ui not working' = <selenium.webdriver.remote.webelement.WebElement (session=\"2afc7064aeb8cd4942db1cf9e9fc4be9\", element=\"a150e940-1bbb-4042-bc7f-f5ec1b260fcb\")>.text\n", "trace": "  File \"/Users/galinashaydurova/PycharmProjects/python-autotests-basic/module_6/tests/test_6.py\", line 22, in test_1\n    assert \"bug\" in title.text.lower()\n"}, "start": 1684439189390, "stop": 1684439189407}], "attachments": [{"name": "log", "source": "d8b8bfe0-ab53-4b6b-adf9-fb2ee84cb6a0-attachment.txt", "type": "text/plain"}], "start": 1684439187590, "stop": 1684439189426, "uuid": "e2e23da6-9512-49a6-a75a-78af2f11d0f4", "historyId": "65848873674b516c659d97ed08b76d1d", "testCaseId": "65848873674b516c659d97ed08b76d1d", "fullName": "tests.test_6.TestExample#test_1", "labels": [{"name": "story", "value": "Some text story"}, {"name": "feature", "value": "Some text"}, {"name": "parentSuite", "value": "tests"}, {"name": "suite", "value": "test_6"}, {"name": "subSuite", "value": "TestExample"}, {"name": "host", "value": "MacBook-Pro-Galina.local"}, {"name": "thread", "value": "14955-MainThread"}, {"name": "framework", "value": "pytest"}, {"name": "language", "value": "cpython3"}, {"name": "package", "value": "tests.test_6"}]}