{"name": "test_1", "status": "failed", "statusDetails": {"message": "AssertionError: assert 'bug' in \"don't display keyboard toolbar on ios\"\n +  where \"don't display keyboard toolbar on ios\" = <built-in method lower of str object at 0x105f90f90>()\n +    where <built-in method lower of str object at 0x105f90f90> = \"Don't display keyboard toolbar on iOS\".lower\n +      where \"Don't display keyboard toolbar on iOS\" = <selenium.webdriver.remote.webelement.WebElement (session=\"dc583f2c768345082d4829e60a1ec5a8\", element=\"72c68970-7752-4f6b-a962-cfc7f4117070\")>.text", "trace": "self = <test_6.TestExample object at 0x105f708d0>\nselenium = <selenium.webdriver.remote.webdriver.WebDriver (session=\"dc583f2c768345082d4829e60a1ec5a8\")>\n\n    def test_1(self, selenium):\n        selenium.get(\"https://github.com/microsoft/vscode/issues\")\n        fill_forms(selenium)\n    \n        # Получаем все названия задач\n        issue_titles = selenium.find_elements(By.CSS_SELECTOR, \"a[data-hovercard-type='issue']\")\n    \n        # Проверяем, что каждая задача содержит слово \"bug\"\n        for title in issue_titles:\n>           assert \"bug\" in title.text.lower()\nE           assert 'bug' in \"don't display keyboard toolbar on ios\"\nE            +  where \"don't display keyboard toolbar on ios\" = <built-in method lower of str object at 0x105f90f90>()\nE            +    where <built-in method lower of str object at 0x105f90f90> = \"Don't display keyboard toolbar on iOS\".lower\nE            +      where \"Don't display keyboard toolbar on iOS\" = <selenium.webdriver.remote.webelement.WebElement (session=\"dc583f2c768345082d4829e60a1ec5a8\", element=\"72c68970-7752-4f6b-a962-cfc7f4117070\")>.text\n\ntest_6.py:16: AssertionError"}, "attachments": [{"name": "log", "source": "d332eeef-0f7e-425c-9580-be04e094f22a-attachment.txt", "type": "text/plain"}], "start": 1684427315435, "stop": 1684427317661, "uuid": "7f2c5e99-447f-433f-9c84-4e2ae7ff407a", "historyId": "65848873674b516c659d97ed08b76d1d", "testCaseId": "65848873674b516c659d97ed08b76d1d", "fullName": "tests.test_6.TestExample#test_1", "labels": [{"name": "parentSuite", "value": "tests"}, {"name": "suite", "value": "test_6"}, {"name": "subSuite", "value": "TestExample"}, {"name": "host", "value": "MacBook-Pro-Galina.local"}, {"name": "thread", "value": "12173-MainThread"}, {"name": "framework", "value": "pytest"}, {"name": "language", "value": "cpython3"}, {"name": "package", "value": "tests.test_6"}]}