{"name": "Проверка задач со словом \"bug\"", "status": "failed", "statusDetails": {"message": "AssertionError: assert 'bug' in 'cannot drag notebook cells'\n +  where 'cannot drag notebook cells' = <built-in method lower of str object at 0x10364bb90>()\n +    where <built-in method lower of str object at 0x10364bb90> = 'Cannot drag notebook cells'.lower\n +      where 'Cannot drag notebook cells' = <selenium.webdriver.remote.webelement.WebElement (session=\"9300e1869c7ccd49e1e0c4b3efaf9799\", element=\"bb15fa00-f937-4220-9534-b0c35624bf40\")>.text", "trace": "self = <test_6.TestExample object at 0x102cb6b50>\nselenium = <selenium.webdriver.remote.webdriver.WebDriver (session=\"9300e1869c7ccd49e1e0c4b3efaf9799\")>\n\n    @allure.title('Проверка задач со словом \"bug\"')\n    def test_title(self, selenium):\n    \n        with allure.step('Открытие страницы https://github.com/microsoft/vscode/issues'):\n            selenium.get(\"https://github.com/microsoft/vscode/issues\")\n        title_bug(selenium)\n    \n        with allure.step('Проверка, что каждая задача содержит слово \"bug\"'):\n            issue_titles = selenium.find_elements(By.CSS_SELECTOR, \"a[data-hovercard-type='issue']\")\n            for title in issue_titles:\n>               assert \"bug\" in title.text.lower()\nE               assert 'bug' in 'cannot drag notebook cells'\nE                +  where 'cannot drag notebook cells' = <built-in method lower of str object at 0x10364bb90>()\nE                +    where <built-in method lower of str object at 0x10364bb90> = 'Cannot drag notebook cells'.lower\nE                +      where 'Cannot drag notebook cells' = <selenium.webdriver.remote.webelement.WebElement (session=\"9300e1869c7ccd49e1e0c4b3efaf9799\", element=\"bb15fa00-f937-4220-9534-b0c35624bf40\")>.text\n\ntest_6.py:19: AssertionError"}, "steps": [{"name": "Открытие страницы https://github.com/microsoft/vscode/issues", "status": "passed", "start": 1684445155883, "stop": 1684445157196}, {"name": "Ввод в поле поиска \"in:title bug\"", "status": "passed", "start": 1684445157196, "stop": 1684445157344}, {"name": "Проверка, что каждая задача содержит слово \"bug\"", "status": "failed", "statusDetails": {"message": "AssertionError: assert 'bug' in 'cannot drag notebook cells'\n +  where 'cannot drag notebook cells' = <built-in method lower of str object at 0x10364bb90>()\n +    where <built-in method lower of str object at 0x10364bb90> = 'Cannot drag notebook cells'.lower\n +      where 'Cannot drag notebook cells' = <selenium.webdriver.remote.webelement.WebElement (session=\"9300e1869c7ccd49e1e0c4b3efaf9799\", element=\"bb15fa00-f937-4220-9534-b0c35624bf40\")>.text\n", "trace": "  File \"/Users/galinashaydurova/PycharmProjects/python-autotests-basic/module_6/tests/test_6.py\", line 19, in test_title\n    assert \"bug\" in title.text.lower()\n"}, "start": 1684445157344, "stop": 1684445157373}], "attachments": [{"name": "log", "source": "32119073-8513-4334-ae59-3e124e33444a-attachment.txt", "type": "text/plain"}], "start": 1684445155882, "stop": 1684445157375, "uuid": "ee27d805-1cc6-4582-9600-98baf232845f", "historyId": "1ce22445771a39ac7419e145c778b5ef", "testCaseId": "1ce22445771a39ac7419e145c778b5ef", "fullName": "tests.test_6.TestExample#test_title", "labels": [{"name": "feature", "value": "Проверки сайта гитхаб"}, {"name": "story", "value": "Тест-сьют содержит проверки из модуля № 5 на сайт гитхаб и один кейс на скилбокс"}, {"name": "parentSuite", "value": "tests"}, {"name": "suite", "value": "test_6"}, {"name": "subSuite", "value": "TestExample"}, {"name": "host", "value": "MacBook-Pro-Galina.local"}, {"name": "thread", "value": "15637-MainThread"}, {"name": "framework", "value": "pytest"}, {"name": "language", "value": "cpython3"}, {"name": "package", "value": "tests.test_6"}]}