{"name": "Проверка задач со словом \"bug\"", "status": "failed", "statusDetails": {"message": "AssertionError: assert 'bug' in 'extension development host + remote-ssh + extensionkind=ui not working'\n +  where 'extension development host + remote-ssh + extensionkind=ui not working' = <built-in method lower of str object at 0x106b005b0>()\n +    where <built-in method lower of str object at 0x106b005b0> = 'Extension Development Host + remote-ssh + extensionKind=ui not working'.lower\n +      where 'Extension Development Host + remote-ssh + extensionKind=ui not working' = <selenium.webdriver.remote.webelement.WebElement (session=\"02cbabffc743792a86218cbc01124c7c\", element=\"e5ee7f69-aad1-40b3-951a-e21efff91cba\")>.text", "trace": "self = <test_6.TestExample object at 0x106229450>\nselenium = <selenium.webdriver.remote.webdriver.WebDriver (session=\"02cbabffc743792a86218cbc01124c7c\")>\n\n    @allure.title('Проверка задач со словом \"bug\"')\n    def test_1(self, selenium):\n        \"\"\"\n        Шаги:\n        1. Открыть страницу\n        2. Найти поле поиска\n        3. Ввести в поле поиска \"in:title bug\"\n        4. Нажать Enter\n        5. Получить все названия задач\n        6. Проверить что каждая задача содержит слово \"bug\"\n    \n        Ожидаемый результат: Во всех полученных задачах содержится слово \"bug\"\n        \"\"\"\n    \n        selenium.get(\"https://github.com/microsoft/vscode/issues\")\n        fill_forms(selenium)\n    \n        # Получаем все названия задач\n        issue_titles = selenium.find_elements(By.CSS_SELECTOR, \"a[data-hovercard-type='issue']\")\n    \n        # Проверяем, что каждая задача содержит слово \"bug\"\n        for title in issue_titles:\n>           assert \"bug\" in title.text.lower()\nE           assert 'bug' in 'extension development host + remote-ssh + extensionkind=ui not working'\nE            +  where 'extension development host + remote-ssh + extensionkind=ui not working' = <built-in method lower of str object at 0x106b005b0>()\nE            +    where <built-in method lower of str object at 0x106b005b0> = 'Extension Development Host + remote-ssh + extensionKind=ui not working'.lower\nE            +      where 'Extension Development Host + remote-ssh + extensionKind=ui not working' = <selenium.webdriver.remote.webelement.WebElement (session=\"02cbabffc743792a86218cbc01124c7c\", element=\"e5ee7f69-aad1-40b3-951a-e21efff91cba\")>.text\n\ntest_6.py:33: AssertionError"}, "description": "\n        Шаги:\n        1. Открыть страницу\n        2. Найти поле поиска\n        3. Ввести в поле поиска \"in:title bug\"\n        4. Нажать Enter\n        5. Получить все названия задач\n        6. Проверить что каждая задача содержит слово \"bug\"\n\n        Ожидаемый результат: Во всех полученных задачах содержится слово \"bug\"\n        ", "attachments": [{"name": "log", "source": "29835dce-9c70-4e5c-beba-b3388042d870-attachment.txt", "type": "text/plain"}], "start": 1684438486386, "stop": 1684438489200, "uuid": "2f9e9808-fed4-41a7-ad2f-e14a33c9b96a", "historyId": "65848873674b516c659d97ed08b76d1d", "testCaseId": "65848873674b516c659d97ed08b76d1d", "fullName": "tests.test_6.TestExample#test_1", "labels": [{"name": "story", "value": "Some text story"}, {"name": "feature", "value": "Some text"}, {"name": "parentSuite", "value": "tests"}, {"name": "suite", "value": "test_6"}, {"name": "subSuite", "value": "TestExample"}, {"name": "host", "value": "MacBook-Pro-Galina.local"}, {"name": "thread", "value": "14819-MainThread"}, {"name": "framework", "value": "pytest"}, {"name": "language", "value": "cpython3"}, {"name": "package", "value": "tests.test_6"}]}