{"name": "test_1", "status": "failed", "statusDetails": {"message": "AssertionError: assert 'bug' in \"don't display keyboard toolbar on ios\"\n +  where \"don't display keyboard toolbar on ios\" = <built-in method lower of str object at 0x106ed8db0>()\n +    where <built-in method lower of str object at 0x106ed8db0> = \"Don't display keyboard toolbar on iOS\".lower\n +      where \"Don't display keyboard toolbar on iOS\" = <selenium.webdriver.remote.webelement.WebElement (session=\"80fdf66b837f8b6fed6927253498b461\", element=\"2a61a61c-ce6b-4510-84e0-b59a18965e78\")>.text", "trace": "self = <test_6.TestExample object at 0x1063f9050>\nselenium = <selenium.webdriver.remote.webdriver.WebDriver (session=\"80fdf66b837f8b6fed6927253498b461\")>\n\n    def test_1(self, selenium):\n        selenium.get(\"https://github.com/microsoft/vscode/issues\")\n        fill_forms(selenium)\n    \n        # Получаем все названия задач\n        issue_titles = selenium.find_elements(By.CSS_SELECTOR, \"a[data-hovercard-type='issue']\")\n    \n        # Проверяем, что каждая задача содержит слово \"bug\"\n        for title in issue_titles:\n>           assert \"bug\" in title.text.lower()\nE           assert 'bug' in \"don't display keyboard toolbar on ios\"\nE            +  where \"don't display keyboard toolbar on ios\" = <built-in method lower of str object at 0x106ed8db0>()\nE            +    where <built-in method lower of str object at 0x106ed8db0> = \"Don't display keyboard toolbar on iOS\".lower\nE            +      where \"Don't display keyboard toolbar on iOS\" = <selenium.webdriver.remote.webelement.WebElement (session=\"80fdf66b837f8b6fed6927253498b461\", element=\"2a61a61c-ce6b-4510-84e0-b59a18965e78\")>.text\n\ntest_6.py:16: AssertionError"}, "attachments": [{"name": "log", "source": "b2b43a88-e277-415e-8b37-73d28f990e15-attachment.txt", "type": "text/plain"}], "start": 1684427867710, "stop": 1684427869703, "uuid": "6d1802fe-8b15-4bad-99be-78c169605534", "historyId": "65848873674b516c659d97ed08b76d1d", "testCaseId": "65848873674b516c659d97ed08b76d1d", "fullName": "tests.test_6.TestExample#test_1", "labels": [{"name": "parentSuite", "value": "tests"}, {"name": "suite", "value": "test_6"}, {"name": "subSuite", "value": "TestExample"}, {"name": "host", "value": "MacBook-Pro-Galina.local"}, {"name": "thread", "value": "12300-MainThread"}, {"name": "framework", "value": "pytest"}, {"name": "language", "value": "cpython3"}, {"name": "package", "value": "tests.test_6"}]}