{"name": "Проверка задач со словом \"bug\"", "status": "failed", "statusDetails": {"message": "AssertionError: assert 'bug' in 'extension development host + remote-ssh + extensionkind=ui not working'\n +  where 'extension development host + remote-ssh + extensionkind=ui not working' = <built-in method lower of str object at 0x102be05b0>()\n +    where <built-in method lower of str object at 0x102be05b0> = 'Extension Development Host + remote-ssh + extensionKind=ui not working'.lower\n +      where 'Extension Development Host + remote-ssh + extensionKind=ui not working' = <selenium.webdriver.remote.webelement.WebElement (session=\"a148ca34d2adeb3f8d75b6e60aa63325\", element=\"0702d809-a091-492c-9cb0-370c9abc405b\")>.text", "trace": "self = <test_6.TestExample object at 0x102bc3050>\nselenium = <selenium.webdriver.remote.webdriver.WebDriver (session=\"a148ca34d2adeb3f8d75b6e60aa63325\")>\n\n    @allure.title('Проверка задач со словом \"bug\"')\n    def test_1(self, selenium):\n        \"\"\"\n        Шаги:\n        1. Открыть страницу\n        2. Найти поле поиска\n        3. Ввести в поле поиска \"in:title bug\"\n        4. Нажать Enter\n        5. Получить все названия задач\n        6. Проверить что каждая задача содержит слово \"bug\"\n    \n        Ожидаемый результат: Во всех полученных задачах содержится слово \"bug\"\n        \"\"\"\n    \n        selenium.get(\"https://github.com/microsoft/vscode/issues\")\n        fill_forms(selenium)\n    \n        # Получаем все названия задач\n        issue_titles = selenium.find_elements(By.CSS_SELECTOR, \"a[data-hovercard-type='issue']\")\n    \n        # Проверяем, что каждая задача содержит слово \"bug\"\n        for title in issue_titles:\n>           assert \"bug\" in title.text.lower()\nE           assert 'bug' in 'extension development host + remote-ssh + extensionkind=ui not working'\nE            +  where 'extension development host + remote-ssh + extensionkind=ui not working' = <built-in method lower of str object at 0x102be05b0>()\nE            +    where <built-in method lower of str object at 0x102be05b0> = 'Extension Development Host + remote-ssh + extensionKind=ui not working'.lower\nE            +      where 'Extension Development Host + remote-ssh + extensionKind=ui not working' = <selenium.webdriver.remote.webelement.WebElement (session=\"a148ca34d2adeb3f8d75b6e60aa63325\", element=\"0702d809-a091-492c-9cb0-370c9abc405b\")>.text\n\ntest_6.py:33: AssertionError"}, "description": "Можно сделать описание тест-кейса тут", "attachments": [{"name": "log", "source": "58191673-3660-4084-868c-cba1815b4b7a-attachment.txt", "type": "text/plain"}], "start": 1684438166291, "stop": 1684438168192, "uuid": "dc2e2d90-b148-41b1-b2d3-f95c06258d7a", "historyId": "65848873674b516c659d97ed08b76d1d", "testCaseId": "65848873674b516c659d97ed08b76d1d", "fullName": "tests.test_6.TestExample#test_1", "labels": [{"name": "story", "value": "Some text story"}, {"name": "feature", "value": "Some text"}, {"name": "parentSuite", "value": "tests"}, {"name": "suite", "value": "test_6"}, {"name": "subSuite", "value": "TestExample"}, {"name": "host", "value": "MacBook-Pro-Galina.local"}, {"name": "thread", "value": "12806-MainThread"}, {"name": "framework", "value": "pytest"}, {"name": "language", "value": "cpython3"}, {"name": "package", "value": "tests.test_6"}]}