{"name": "Проверка задач со словом \"bug\"", "status": "failed", "statusDetails": {"message": "AssertionError: assert 'bug' in 'cannot drag notebook cells'\n +  where 'cannot drag notebook cells' = <built-in method lower of str object at 0x10ba8ffa0>()\n +    where <built-in method lower of str object at 0x10ba8ffa0> = 'Cannot drag notebook cells'.lower\n +      where 'Cannot drag notebook cells' = <selenium.webdriver.remote.webelement.WebElement (session=\"63c50c2e3142ab18728abb69f15f8265\", element=\"60ba1291-78b8-4bce-80b7-189889faac59\")>.text", "trace": "self = <test_6.TestExample object at 0x10ba3e490>\nselenium = <selenium.webdriver.remote.webdriver.WebDriver (session=\"63c50c2e3142ab18728abb69f15f8265\")>\n\n    @allure.title('Проверка задач со словом \"bug\"')\n    def test_title(self, selenium):\n    \n        with allure.step('Открытие страницы https://github.com/microsoft/vscode/issues'):\n            selenium.get(\"https://github.com/microsoft/vscode/issues\")\n        title_bug(selenium)\n    \n        with allure.step('Проверка, что каждая задача содержит слово \"bug\"'):\n            issue_titles = selenium.find_elements(By.CSS_SELECTOR, \"a[data-hovercard-type='issue']\")\n            for title in issue_titles:\n>               assert \"bug\" in title.text.lower()\nE               assert 'bug' in 'cannot drag notebook cells'\nE                +  where 'cannot drag notebook cells' = <built-in method lower of str object at 0x10ba8ffa0>()\nE                +    where <built-in method lower of str object at 0x10ba8ffa0> = 'Cannot drag notebook cells'.lower\nE                +      where 'Cannot drag notebook cells' = <selenium.webdriver.remote.webelement.WebElement (session=\"63c50c2e3142ab18728abb69f15f8265\", element=\"60ba1291-78b8-4bce-80b7-189889faac59\")>.text\n\ntest_6.py:19: AssertionError"}, "steps": [{"name": "Открытие страницы https://github.com/microsoft/vscode/issues", "status": "passed", "start": 1684445127151, "stop": 1684445128887}, {"name": "Ввод в поле поиска \"in:title bug\"", "status": "passed", "start": 1684445128888, "stop": 1684445129079}, {"name": "Проверка, что каждая задача содержит слово \"bug\"", "status": "failed", "statusDetails": {"message": "AssertionError: assert 'bug' in 'cannot drag notebook cells'\n +  where 'cannot drag notebook cells' = <built-in method lower of str object at 0x10ba8ffa0>()\n +    where <built-in method lower of str object at 0x10ba8ffa0> = 'Cannot drag notebook cells'.lower\n +      where 'Cannot drag notebook cells' = <selenium.webdriver.remote.webelement.WebElement (session=\"63c50c2e3142ab18728abb69f15f8265\", element=\"60ba1291-78b8-4bce-80b7-189889faac59\")>.text\n", "trace": "  File \"/Users/galinashaydurova/PycharmProjects/python-autotests-basic/module_6/tests/test_6.py\", line 19, in test_title\n    assert \"bug\" in title.text.lower()\n"}, "start": 1684445129079, "stop": 1684445129116}], "attachments": [{"name": "log", "source": "5a98aadc-607f-490b-a16d-d51623f4e696-attachment.txt", "type": "text/plain"}], "start": 1684445127151, "stop": 1684445129164, "uuid": "b8f581fa-ffe1-4ce5-ab8f-54282e9d0805", "historyId": "1ce22445771a39ac7419e145c778b5ef", "testCaseId": "1ce22445771a39ac7419e145c778b5ef", "fullName": "tests.test_6.TestExample#test_title", "labels": [{"name": "feature", "value": "Проверки сайта гитхаб"}, {"name": "story", "value": "Тест-сьют содержит проверки из модуля № 5 на сайт гитхаб и один кейс на скилбокс"}, {"name": "parentSuite", "value": "tests"}, {"name": "suite", "value": "test_6"}, {"name": "subSuite", "value": "TestExample"}, {"name": "host", "value": "MacBook-Pro-Galina.local"}, {"name": "thread", "value": "15613-MainThread"}, {"name": "framework", "value": "pytest"}, {"name": "language", "value": "cpython3"}, {"name": "package", "value": "tests.test_6"}]}